{"level":"debug","message":" Error  List  :::::::::::","timestamp":"2012-06-14T10:34:29.972Z"}
{"level":"debug","message":" Error  List  :::::::::::","timestamp":"2012-06-14T10:59:21.199Z"}
{"level":"debug","message":" Error  List  :::::::::::","timestamp":"2012-06-14T11:02:46.366Z"}
{"date":"Thu Jun 14 2012 16:34:11 GMT+0530 (IST)","process":{"pid":3521,"uid":1013,"gid":1025,"cwd":"/media/Ext/git-hub/HelloWorld","execPath":"/usr/local/bin/node","version":"v0.6.18","argv":["node","/media/Ext/git-hub/HelloWorld/test.js"],"memoryUsage":{"rss":28413952,"heapTotal":19582272,"heapUsed":11675024}},"os":{"loadavg":[0.541015625,0.3486328125,0.28466796875],"uptime":5198.33562525},"trace":[{"column":54,"file":"/media/Ext/git-hub/HelloWorld/test.js","function":"","line":29,"method":null,"native":false},{"column":26,"file":"module.js","function":"Module._compile","line":446,"method":"_compile","native":false},{"column":10,"file":"module.js","function":"Object..js","line":464,"method":".js","native":false},{"column":31,"file":"module.js","function":"Module.load","line":353,"method":"load","native":false},{"column":12,"file":"module.js","function":"Function._load","line":311,"method":"_load","native":false},{"column":10,"file":"module.js","function":"Array.0","line":484,"method":"0","native":false},{"column":38,"file":"node.js","function":"EventEmitter._tickCallback","line":190,"method":"_tickCallback","native":false}],"stack":["ReferenceError: number is not defined","    at Object.<anonymous> (/media/Ext/git-hub/HelloWorld/test.js:29:54)","    at Module._compile (module.js:446:26)","    at Object..js (module.js:464:10)","    at Module.load (module.js:353:31)","    at Function._load (module.js:311:12)","    at Array.0 (module.js:484:10)","    at EventEmitter._tickCallback (node.js:190:38)"],"level":"error","message":"uncaughtException","timestamp":"2012-06-14T11:04:11.022Z"}
{"date":"Thu Jun 14 2012 16:41:59 GMT+0530 (IST)","process":{"pid":3641,"uid":1013,"gid":1025,"cwd":"/media/Ext/git-hub/HelloWorld","execPath":"/usr/local/bin/node","version":"v0.6.18","argv":["node","/media/Ext/git-hub/HelloWorld/test.js"],"memoryUsage":{"rss":28372992,"heapTotal":19460352,"heapUsed":11672104}},"os":{"loadavg":[0.13427734375,0.25146484375,0.2568359375],"uptime":5667.053390582},"trace":[{"column":54,"file":"/media/Ext/git-hub/HelloWorld/test.js","function":"","line":29,"method":null,"native":false},{"column":26,"file":"module.js","function":"Module._compile","line":446,"method":"_compile","native":false},{"column":10,"file":"module.js","function":"Object..js","line":464,"method":".js","native":false},{"column":31,"file":"module.js","function":"Module.load","line":353,"method":"load","native":false},{"column":12,"file":"module.js","function":"Function._load","line":311,"method":"_load","native":false},{"column":10,"file":"module.js","function":"Array.0","line":484,"method":"0","native":false},{"column":38,"file":"node.js","function":"EventEmitter._tickCallback","line":190,"method":"_tickCallback","native":false}],"stack":["ReferenceError: number is not defined","    at Object.<anonymous> (/media/Ext/git-hub/HelloWorld/test.js:29:54)","    at Module._compile (module.js:446:26)","    at Object..js (module.js:464:10)","    at Module.load (module.js:353:31)","    at Function._load (module.js:311:12)","    at Array.0 (module.js:484:10)","    at EventEmitter._tickCallback (node.js:190:38)"],"level":"error","message":"uncaughtException","timestamp":"2012-06-14T11:11:59.740Z"}
{"date":"Thu Jun 14 2012 16:44:15 GMT+0530 (IST)","process":{"pid":3667,"uid":1013,"gid":1025,"cwd":"/media/Ext/git-hub/HelloWorld","execPath":"/usr/local/bin/node","version":"v0.6.18","argv":["node","/media/Ext/git-hub/HelloWorld/test.js"],"memoryUsage":{"rss":28401664,"heapTotal":19582272,"heapUsed":11705456}},"os":{"loadavg":[0.45556640625,0.353515625,0.28955078125],"uptime":5802.688837047},"trace":[{"column":18,"file":"/media/Ext/git-hub/HelloWorld/test.js","function":"","line":36,"method":null,"native":false},{"column":26,"file":"module.js","function":"Module._compile","line":446,"method":"_compile","native":false},{"column":10,"file":"module.js","function":"Object..js","line":464,"method":".js","native":false},{"column":31,"file":"module.js","function":"Module.load","line":353,"method":"load","native":false},{"column":12,"file":"module.js","function":"Function._load","line":311,"method":"_load","native":false},{"column":10,"file":"module.js","function":"Array.0","line":484,"method":"0","native":false},{"column":38,"file":"node.js","function":"EventEmitter._tickCallback","line":190,"method":"_tickCallback","native":false}],"stack":["TypeError: Object function model() {","    Model.apply(this, arguments);","  } has no method 'save'","    at Object.<anonymous> (/media/Ext/git-hub/HelloWorld/test.js:36:18)","    at Module._compile (module.js:446:26)","    at Object..js (module.js:464:10)","    at Module.load (module.js:353:31)","    at Function._load (module.js:311:12)","    at Array.0 (module.js:484:10)","    at EventEmitter._tickCallback (node.js:190:38)"],"level":"error","message":"uncaughtException","timestamp":"2012-06-14T11:14:15.376Z"}
2012-06-14T11:19:16.526Z - [34mdebug[39m:  Error  List  :::::::::::
{"level":"debug","message":" Error  List  :::::::::::","timestamp":"2012-06-14T13:03:34.710Z"}
{"level":"debug","message":" Error  List  :::::::::::","timestamp":"2012-06-14T13:03:35.906Z"}
{"level":"debug","message":" Error  List  :::::::::::","timestamp":"2012-06-14T13:18:11.905Z"}
{"level":"debug","message":" Error  List  :::::::::::","timestamp":"2012-06-14T13:23:53.896Z"}
{"level":"debug","message":" Error  List  :::::::::::","timestamp":"2012-06-14T13:23:56.091Z"}
{"level":"debug","message":" Error  List  :::::::::::","timestamp":"2012-06-14T13:23:56.945Z"}
{"level":"debug","message":" Error  List  :::::::::::","timestamp":"2012-06-14T13:23:57.733Z"}
{"level":"debug","message":" Error  List  :::::::::::","timestamp":"2012-06-14T13:26:26.032Z"}
{"level":"debug","message":" Error  List  :::::::::::","timestamp":"2012-06-14T13:29:25.433Z"}
{"level":"debug","message":" Error  List  :::::::::::","timestamp":"2012-06-14T13:29:26.658Z"}
{"level":"debug","message":" Error  List  :::::::::::","timestamp":"2012-06-14T13:30:57.876Z"}
{"level":"debug","message":" Error  List  :::::::::::","timestamp":"2012-06-14T13:30:58.669Z"}
{"level":"debug","message":" Error  List  :::::::::::","timestamp":"2012-06-14T13:30:59.157Z"}
{"level":"debug","message":" Error  List  :::::::::::","timestamp":"2012-06-14T13:30:59.582Z"}
{"level":"debug","message":" Error  List  :::::::::::","timestamp":"2012-06-14T13:30:59.985Z"}
{"level":"debug","message":" Loggly test :::::::::::::","timestamp":"2012-06-14T13:31:41.181Z"}
{"level":"debug","message":" Loggly test :::::::::::::","timestamp":"2012-06-14T13:31:41.914Z"}
{"level":"debug","message":" Loggly test :::::::::::::","timestamp":"2012-06-14T13:31:42.422Z"}
{"level":"debug","message":" Loggly test :::::::::::::","timestamp":"2012-06-14T13:31:42.928Z"}
{"level":"debug","message":" Loggly test :::::::::::::","timestamp":"2012-06-14T13:31:43.396Z"}
{"level":"debug","message":" Loggly test :::::::::::::","timestamp":"2012-06-14T13:34:29.812Z"}
{"level":"debug","message":" Loggly test :::::::::::::","timestamp":"2012-06-14T13:34:30.517Z"}
{"level":"debug","message":" Loggly test :::::::::::::","timestamp":"2012-06-14T13:34:31.098Z"}
